15:39:13 [main] WARN  o.e.jetty.security.SecurityHandler - ServletContext@o.e.j.w.WebAppContext@24be0018{/airPurge,file:/G:/work/airPurge/src/main/webapp/,STARTING}{src/main/webapp} has uncovered http methods for path: /
15:39:15 [main] WARN  c.w.airPurge.mobile.push.PushService - start scoket service finished
15:39:16 [main] WARN  c.w.airPurge.redis.JedisTemplate - 初始化redis----
15:39:17 [main] WARN  c.w.a.mobile.task.ContainerListener - --------初始化空气质量数据--------
15:39:19 [main] WARN  c.w.airPurge.mobile.weather.Weather - result: {"HeWeather data service 3.0":[{"aqi":{"city":{"aqi":"76","co":"1","no2":"15","o3":"178","pm10":"62","pm25":"35","qlty":"良","so2":"12"}},"basic":{"city":"武汉","cnty":"中国","id":"CN101200101","lat":"30.573000","lon":"114.279000","update":{"loc":"2015-09-02 14:44","utc":"2015-09-02 06:46"}},"daily_forecast":[{"astro":{"sr":"05:59","ss":"18:45"},"cond":{"code_d":"100","code_n":"100","txt_d":"晴","txt_n":"晴"},"date":"2015-09-02","hum":"41","pcpn":"0.0","pop":"0","pres":"1011","tmp":{"max":"32","min":"22"},"vis":"10","wind":{"deg":"39","dir":"无持续风向","sc":"微风","spd":"11"}},{"astro":{"sr":"06:00","ss":"18:44"},"cond":{"code_d":"100","code_n":"305","txt_d":"晴","txt_n":"小雨"},"date":"2015-09-03","hum":"43","pcpn":"0.0","pop":"0","pres":"1011","tmp":{"max":"31","min":"24"},"vis":"10","wind":{"deg":"98","dir":"无持续风向","sc":"微风","spd":"11"}},{"astro":{"sr":"06:00","ss":"18:43"},"cond":{"code_d":"305","code_n":"306","txt_d":"小雨","txt_n":"中雨"},"date":"2015-09-04","hum":"62","pcpn":"18.2","pop":"80","pres":"1008","tmp":{"max":"31","min":"24"},"vis":"10","wind":{"deg":"237","dir":"无持续风向","sc":"微风","spd":"11"}},{"astro":{"sr":"06:01","ss":"18:42"},"cond":{"code_d":"306","code_n":"305","txt_d":"中雨","txt_n":"小雨"},"date":"2015-09-05","hum":"56","pcpn":"8.1","pop":"75","pres":"1007","tmp":{"max":"28","min":"19"},"vis":"10","wind":{"deg":"357","dir":"无持续风向","sc":"微风","spd":"11"}},{"astro":{"sr":"06:01","ss":"18:40"},"cond":{"code_d":"101","code_n":"101","txt_d":"多云","txt_n":"多云"},"date":"2015-09-06","hum":"48","pcpn":"0.0","pop":"36","pres":"1005","tmp":{"max":"28","min":"20"},"vis":"10","wind":{"deg":"258","dir":"无持续风向","sc":"微风","spd":"11"}},{"astro":{"sr":"06:02","ss":"18:39"},"cond":{"code_d":"101","code_n":"101","txt_d":"多云","txt_n":"多云"},"date":"2015-09-07","hum":"48","pcpn":"0.0","pop":"20","pres":"1007","tmp":{"max":"27","min":"20"},"vis":"10","wind":{"deg":"5","dir":"无持续风向","sc":"微风","spd":"11"}},{"astro":{"sr":"06:03","ss":"18:38"},"cond":{"code_d":"101","code_n":"101","txt_d":"多云","txt_n":"多云"},"date":"2015-09-08","hum":"48","pcpn":"0.0","pop":"0","pres":"1009","tmp":{"max":"27","min":"20"},"vis":"10","wind":{"deg":"86","dir":"无持续风向","sc":"微风","spd":"11"}}],"hourly_forecast":[{"date":"2015-09-02 16:00","hum":"40","pop":"0","pres":"1010","tmp":"35","wind":{"deg":"41","dir":"东北风","sc":"微风","spd":"13"}},{"date":"2015-09-02 19:00","hum":"48","pop":"0","pres":"1010","tmp":"32","wind":{"deg":"38","dir":"东北风","sc":"微风","spd":"14"}},{"date":"2015-09-02 22:00","hum":"55","pop":"0","pres":"1012","tmp":"29","wind":{"deg":"41","dir":"东北风","sc":"微风","spd":"16"}}],"now":{"cond":{"code":"100","txt":"晴"},"fl":"35","hum":"48","pcpn":"0","pres":"1012","tmp":"31","vis":"10","wind":{"deg":"10","dir":"北风","sc":"4-5","spd":"11"}},"status":"ok","suggestion":{"comf":{"brf":"较不舒适","txt":"白天天气晴好，明媚的阳光在给您带来好心情的同时，也会使您感到有些热，不很舒适。"},"cw":{"brf":"较适宜","txt":"较适宜洗车，未来一天无雨，风力较小，擦洗一新的汽车至少能保持一天。"},"drsg":{"brf":"炎热","txt":"天气炎热，建议着短衫、短裙、短裤、薄型T恤衫等清凉夏季服装。"},"flu":{"brf":"少发","txt":"各项气象条件适宜，发生感冒机率较低。但请避免长期处于空调房间中，以防感冒。"},"sport":{"brf":"较适宜","txt":"天气较好，户外运动请注意防晒。推荐您进行室内运动。"},"trav":{"brf":"适宜","txt":"天气较好，但稍感觉有些热，不过还是个好天气哦。适宜旅游，可不要错过机会呦！"},"uv":{"brf":"很强","txt":"紫外线辐射极强，建议涂擦SPF20以上、PA++的防晒护肤品，尽量避免暴露于日光下。"}}}]}
15:39:19 [main] WARN  c.w.a.mobile.task.ContainerListener - --------初始化空气质量数据结束----------
15:43:21 [main] WARN  o.e.jetty.security.SecurityHandler - ServletContext@o.e.j.w.WebAppContext@24be0018{/airPurge,file:/G:/work/airPurge/src/main/webapp/,STARTING}{src/main/webapp} has uncovered http methods for path: /
15:43:22 [main] WARN  c.w.airPurge.mobile.push.PushService - start scoket service finished
15:43:22 [main] WARN  c.w.airPurge.redis.JedisTemplate - 初始化redis----
15:43:23 [main] WARN  c.w.a.mobile.task.ContainerListener - --------初始化空气质量数据--------
15:43:25 [main] WARN  c.w.airPurge.mobile.weather.Weather - result: {"HeWeather data service 3.0":[{"aqi":{"city":{"aqi":"76","co":"1","no2":"15","o3":"178","pm10":"62","pm25":"35","qlty":"良","so2":"12"}},"basic":{"city":"武汉","cnty":"中国","id":"CN101200101","lat":"30.573000","lon":"114.279000","update":{"loc":"2015-09-02 14:44","utc":"2015-09-02 06:46"}},"daily_forecast":[{"astro":{"sr":"05:59","ss":"18:45"},"cond":{"code_d":"100","code_n":"100","txt_d":"晴","txt_n":"晴"},"date":"2015-09-02","hum":"41","pcpn":"0.0","pop":"0","pres":"1011","tmp":{"max":"32","min":"22"},"vis":"10","wind":{"deg":"39","dir":"无持续风向","sc":"微风","spd":"11"}},{"astro":{"sr":"06:00","ss":"18:44"},"cond":{"code_d":"100","code_n":"305","txt_d":"晴","txt_n":"小雨"},"date":"2015-09-03","hum":"43","pcpn":"0.0","pop":"0","pres":"1011","tmp":{"max":"31","min":"24"},"vis":"10","wind":{"deg":"98","dir":"无持续风向","sc":"微风","spd":"11"}},{"astro":{"sr":"06:00","ss":"18:43"},"cond":{"code_d":"305","code_n":"306","txt_d":"小雨","txt_n":"中雨"},"date":"2015-09-04","hum":"62","pcpn":"18.2","pop":"80","pres":"1008","tmp":{"max":"31","min":"24"},"vis":"10","wind":{"deg":"237","dir":"无持续风向","sc":"微风","spd":"11"}},{"astro":{"sr":"06:01","ss":"18:42"},"cond":{"code_d":"306","code_n":"305","txt_d":"中雨","txt_n":"小雨"},"date":"2015-09-05","hum":"56","pcpn":"8.1","pop":"75","pres":"1007","tmp":{"max":"28","min":"19"},"vis":"10","wind":{"deg":"357","dir":"无持续风向","sc":"微风","spd":"11"}},{"astro":{"sr":"06:01","ss":"18:40"},"cond":{"code_d":"101","code_n":"101","txt_d":"多云","txt_n":"多云"},"date":"2015-09-06","hum":"48","pcpn":"0.0","pop":"36","pres":"1005","tmp":{"max":"28","min":"20"},"vis":"10","wind":{"deg":"258","dir":"无持续风向","sc":"微风","spd":"11"}},{"astro":{"sr":"06:02","ss":"18:39"},"cond":{"code_d":"101","code_n":"101","txt_d":"多云","txt_n":"多云"},"date":"2015-09-07","hum":"48","pcpn":"0.0","pop":"20","pres":"1007","tmp":{"max":"27","min":"20"},"vis":"10","wind":{"deg":"5","dir":"无持续风向","sc":"微风","spd":"11"}},{"astro":{"sr":"06:03","ss":"18:38"},"cond":{"code_d":"101","code_n":"101","txt_d":"多云","txt_n":"多云"},"date":"2015-09-08","hum":"48","pcpn":"0.0","pop":"0","pres":"1009","tmp":{"max":"27","min":"20"},"vis":"10","wind":{"deg":"86","dir":"无持续风向","sc":"微风","spd":"11"}}],"hourly_forecast":[{"date":"2015-09-02 16:00","hum":"40","pop":"0","pres":"1010","tmp":"35","wind":{"deg":"41","dir":"东北风","sc":"微风","spd":"13"}},{"date":"2015-09-02 19:00","hum":"48","pop":"0","pres":"1010","tmp":"32","wind":{"deg":"38","dir":"东北风","sc":"微风","spd":"14"}},{"date":"2015-09-02 22:00","hum":"55","pop":"0","pres":"1012","tmp":"29","wind":{"deg":"41","dir":"东北风","sc":"微风","spd":"16"}}],"now":{"cond":{"code":"100","txt":"晴"},"fl":"35","hum":"48","pcpn":"0","pres":"1012","tmp":"31","vis":"10","wind":{"deg":"10","dir":"北风","sc":"4-5","spd":"11"}},"status":"ok","suggestion":{"comf":{"brf":"较不舒适","txt":"白天天气晴好，明媚的阳光在给您带来好心情的同时，也会使您感到有些热，不很舒适。"},"cw":{"brf":"较适宜","txt":"较适宜洗车，未来一天无雨，风力较小，擦洗一新的汽车至少能保持一天。"},"drsg":{"brf":"炎热","txt":"天气炎热，建议着短衫、短裙、短裤、薄型T恤衫等清凉夏季服装。"},"flu":{"brf":"少发","txt":"各项气象条件适宜，发生感冒机率较低。但请避免长期处于空调房间中，以防感冒。"},"sport":{"brf":"较适宜","txt":"天气较好，户外运动请注意防晒。推荐您进行室内运动。"},"trav":{"brf":"适宜","txt":"天气较好，但稍感觉有些热，不过还是个好天气哦。适宜旅游，可不要错过机会呦！"},"uv":{"brf":"很强","txt":"紫外线辐射极强，建议涂擦SPF20以上、PA++的防晒护肤品，尽量避免暴露于日光下。"}}}]}
15:43:25 [main] WARN  c.w.a.mobile.task.ContainerListener - --------初始化空气质量数据结束----------
15:47:35 [main] WARN  o.e.jetty.security.SecurityHandler - ServletContext@o.e.j.w.WebAppContext@35f83a80{/airPurge,file:/G:/work/airPurge/src/main/webapp/,STARTING}{src/main/webapp} has uncovered http methods for path: /
15:47:36 [main] WARN  c.w.airPurge.mobile.push.PushService - start scoket service finished
15:47:36 [main] WARN  c.w.airPurge.redis.JedisTemplate - 初始化redis----
15:47:37 [main] WARN  c.w.a.mobile.task.ContainerListener - --------初始化空气质量数据--------
15:47:38 [main] WARN  c.w.airPurge.mobile.weather.Weather - result: {"HeWeather data service 3.0":[{"aqi":{"city":{"aqi":"76","co":"1","no2":"15","o3":"178","pm10":"62","pm25":"35","qlty":"良","so2":"12"}},"basic":{"city":"武汉","cnty":"中国","id":"CN101200101","lat":"30.573000","lon":"114.279000","update":{"loc":"2015-09-02 14:44","utc":"2015-09-02 06:46"}},"daily_forecast":[{"astro":{"sr":"05:59","ss":"18:45"},"cond":{"code_d":"100","code_n":"100","txt_d":"晴","txt_n":"晴"},"date":"2015-09-02","hum":"41","pcpn":"0.0","pop":"0","pres":"1011","tmp":{"max":"32","min":"22"},"vis":"10","wind":{"deg":"39","dir":"无持续风向","sc":"微风","spd":"11"}},{"astro":{"sr":"06:00","ss":"18:44"},"cond":{"code_d":"100","code_n":"305","txt_d":"晴","txt_n":"小雨"},"date":"2015-09-03","hum":"43","pcpn":"0.0","pop":"0","pres":"1011","tmp":{"max":"31","min":"24"},"vis":"10","wind":{"deg":"98","dir":"无持续风向","sc":"微风","spd":"11"}},{"astro":{"sr":"06:00","ss":"18:43"},"cond":{"code_d":"305","code_n":"306","txt_d":"小雨","txt_n":"中雨"},"date":"2015-09-04","hum":"62","pcpn":"18.2","pop":"80","pres":"1008","tmp":{"max":"31","min":"24"},"vis":"10","wind":{"deg":"237","dir":"无持续风向","sc":"微风","spd":"11"}},{"astro":{"sr":"06:01","ss":"18:42"},"cond":{"code_d":"306","code_n":"305","txt_d":"中雨","txt_n":"小雨"},"date":"2015-09-05","hum":"56","pcpn":"8.1","pop":"75","pres":"1007","tmp":{"max":"28","min":"19"},"vis":"10","wind":{"deg":"357","dir":"无持续风向","sc":"微风","spd":"11"}},{"astro":{"sr":"06:01","ss":"18:40"},"cond":{"code_d":"101","code_n":"101","txt_d":"多云","txt_n":"多云"},"date":"2015-09-06","hum":"48","pcpn":"0.0","pop":"36","pres":"1005","tmp":{"max":"28","min":"20"},"vis":"10","wind":{"deg":"258","dir":"无持续风向","sc":"微风","spd":"11"}},{"astro":{"sr":"06:02","ss":"18:39"},"cond":{"code_d":"101","code_n":"101","txt_d":"多云","txt_n":"多云"},"date":"2015-09-07","hum":"48","pcpn":"0.0","pop":"20","pres":"1007","tmp":{"max":"27","min":"20"},"vis":"10","wind":{"deg":"5","dir":"无持续风向","sc":"微风","spd":"11"}},{"astro":{"sr":"06:03","ss":"18:38"},"cond":{"code_d":"101","code_n":"101","txt_d":"多云","txt_n":"多云"},"date":"2015-09-08","hum":"48","pcpn":"0.0","pop":"0","pres":"1009","tmp":{"max":"27","min":"20"},"vis":"10","wind":{"deg":"86","dir":"无持续风向","sc":"微风","spd":"11"}}],"hourly_forecast":[{"date":"2015-09-02 16:00","hum":"40","pop":"0","pres":"1010","tmp":"35","wind":{"deg":"41","dir":"东北风","sc":"微风","spd":"13"}},{"date":"2015-09-02 19:00","hum":"48","pop":"0","pres":"1010","tmp":"32","wind":{"deg":"38","dir":"东北风","sc":"微风","spd":"14"}},{"date":"2015-09-02 22:00","hum":"55","pop":"0","pres":"1012","tmp":"29","wind":{"deg":"41","dir":"东北风","sc":"微风","spd":"16"}}],"now":{"cond":{"code":"100","txt":"晴"},"fl":"35","hum":"48","pcpn":"0","pres":"1012","tmp":"31","vis":"10","wind":{"deg":"10","dir":"北风","sc":"4-5","spd":"11"}},"status":"ok","suggestion":{"comf":{"brf":"较不舒适","txt":"白天天气晴好，明媚的阳光在给您带来好心情的同时，也会使您感到有些热，不很舒适。"},"cw":{"brf":"较适宜","txt":"较适宜洗车，未来一天无雨，风力较小，擦洗一新的汽车至少能保持一天。"},"drsg":{"brf":"炎热","txt":"天气炎热，建议着短衫、短裙、短裤、薄型T恤衫等清凉夏季服装。"},"flu":{"brf":"少发","txt":"各项气象条件适宜，发生感冒机率较低。但请避免长期处于空调房间中，以防感冒。"},"sport":{"brf":"较适宜","txt":"天气较好，户外运动请注意防晒。推荐您进行室内运动。"},"trav":{"brf":"适宜","txt":"天气较好，但稍感觉有些热，不过还是个好天气哦。适宜旅游，可不要错过机会呦！"},"uv":{"brf":"很强","txt":"紫外线辐射极强，建议涂擦SPF20以上、PA++的防晒护肤品，尽量避免暴露于日光下。"}}}]}
15:47:38 [main] WARN  c.w.a.mobile.task.ContainerListener - --------初始化空气质量数据结束----------
15:48:38 [main] WARN  o.e.jetty.security.SecurityHandler - ServletContext@o.e.j.w.WebAppContext@35f83a80{/airPurge,file:/G:/work/airPurge/src/main/webapp/,STARTING}{src/main/webapp} has uncovered http methods for path: /
15:48:40 [main] WARN  c.w.airPurge.mobile.push.PushService - start scoket service finished
15:48:40 [main] WARN  c.w.airPurge.redis.JedisTemplate - 初始化redis----
15:48:40 [main] WARN  c.w.a.mobile.task.ContainerListener - --------初始化空气质量数据--------
15:48:43 [main] WARN  c.w.airPurge.mobile.weather.Weather - result: {"HeWeather data service 3.0":[{"aqi":{"city":{"aqi":"76","co":"1","no2":"15","o3":"178","pm10":"62","pm25":"35","qlty":"良","so2":"12"}},"basic":{"city":"武汉","cnty":"中国","id":"CN101200101","lat":"30.573000","lon":"114.279000","update":{"loc":"2015-09-02 14:44","utc":"2015-09-02 06:46"}},"daily_forecast":[{"astro":{"sr":"05:59","ss":"18:45"},"cond":{"code_d":"100","code_n":"100","txt_d":"晴","txt_n":"晴"},"date":"2015-09-02","hum":"41","pcpn":"0.0","pop":"0","pres":"1011","tmp":{"max":"32","min":"22"},"vis":"10","wind":{"deg":"39","dir":"无持续风向","sc":"微风","spd":"11"}},{"astro":{"sr":"06:00","ss":"18:44"},"cond":{"code_d":"100","code_n":"305","txt_d":"晴","txt_n":"小雨"},"date":"2015-09-03","hum":"43","pcpn":"0.0","pop":"0","pres":"1011","tmp":{"max":"31","min":"24"},"vis":"10","wind":{"deg":"98","dir":"无持续风向","sc":"微风","spd":"11"}},{"astro":{"sr":"06:00","ss":"18:43"},"cond":{"code_d":"305","code_n":"306","txt_d":"小雨","txt_n":"中雨"},"date":"2015-09-04","hum":"62","pcpn":"18.2","pop":"80","pres":"1008","tmp":{"max":"31","min":"24"},"vis":"10","wind":{"deg":"237","dir":"无持续风向","sc":"微风","spd":"11"}},{"astro":{"sr":"06:01","ss":"18:42"},"cond":{"code_d":"306","code_n":"305","txt_d":"中雨","txt_n":"小雨"},"date":"2015-09-05","hum":"56","pcpn":"8.1","pop":"75","pres":"1007","tmp":{"max":"28","min":"19"},"vis":"10","wind":{"deg":"357","dir":"无持续风向","sc":"微风","spd":"11"}},{"astro":{"sr":"06:01","ss":"18:40"},"cond":{"code_d":"101","code_n":"101","txt_d":"多云","txt_n":"多云"},"date":"2015-09-06","hum":"48","pcpn":"0.0","pop":"36","pres":"1005","tmp":{"max":"28","min":"20"},"vis":"10","wind":{"deg":"258","dir":"无持续风向","sc":"微风","spd":"11"}},{"astro":{"sr":"06:02","ss":"18:39"},"cond":{"code_d":"101","code_n":"101","txt_d":"多云","txt_n":"多云"},"date":"2015-09-07","hum":"48","pcpn":"0.0","pop":"20","pres":"1007","tmp":{"max":"27","min":"20"},"vis":"10","wind":{"deg":"5","dir":"无持续风向","sc":"微风","spd":"11"}},{"astro":{"sr":"06:03","ss":"18:38"},"cond":{"code_d":"101","code_n":"101","txt_d":"多云","txt_n":"多云"},"date":"2015-09-08","hum":"48","pcpn":"0.0","pop":"0","pres":"1009","tmp":{"max":"27","min":"20"},"vis":"10","wind":{"deg":"86","dir":"无持续风向","sc":"微风","spd":"11"}}],"hourly_forecast":[{"date":"2015-09-02 16:00","hum":"40","pop":"0","pres":"1010","tmp":"35","wind":{"deg":"41","dir":"东北风","sc":"微风","spd":"13"}},{"date":"2015-09-02 19:00","hum":"48","pop":"0","pres":"1010","tmp":"32","wind":{"deg":"38","dir":"东北风","sc":"微风","spd":"14"}},{"date":"2015-09-02 22:00","hum":"55","pop":"0","pres":"1012","tmp":"29","wind":{"deg":"41","dir":"东北风","sc":"微风","spd":"16"}}],"now":{"cond":{"code":"100","txt":"晴"},"fl":"35","hum":"48","pcpn":"0","pres":"1012","tmp":"31","vis":"10","wind":{"deg":"10","dir":"北风","sc":"4-5","spd":"11"}},"status":"ok","suggestion":{"comf":{"brf":"较不舒适","txt":"白天天气晴好，明媚的阳光在给您带来好心情的同时，也会使您感到有些热，不很舒适。"},"cw":{"brf":"较适宜","txt":"较适宜洗车，未来一天无雨，风力较小，擦洗一新的汽车至少能保持一天。"},"drsg":{"brf":"炎热","txt":"天气炎热，建议着短衫、短裙、短裤、薄型T恤衫等清凉夏季服装。"},"flu":{"brf":"少发","txt":"各项气象条件适宜，发生感冒机率较低。但请避免长期处于空调房间中，以防感冒。"},"sport":{"brf":"较适宜","txt":"天气较好，户外运动请注意防晒。推荐您进行室内运动。"},"trav":{"brf":"适宜","txt":"天气较好，但稍感觉有些热，不过还是个好天气哦。适宜旅游，可不要错过机会呦！"},"uv":{"brf":"很强","txt":"紫外线辐射极强，建议涂擦SPF20以上、PA++的防晒护肤品，尽量避免暴露于日光下。"}}}]}
15:48:43 [main] WARN  c.w.a.mobile.task.ContainerListener - --------初始化空气质量数据结束----------
16:00:00 [SockJS-1] WARN  c.w.airPurge.mobile.task.WeatherTask - --------执行请求天气定时任务----------
16:00:00 [SockJS-2] WARN  c.w.airPurge.mobile.task.WeatherTask - --------执行清除redis数据定时任务----------
16:00:00 [SockJS-1] WARN  c.w.airPurge.mobile.weather.Weather - result: {"HeWeather data service 3.0":[{"aqi":{"city":{"aqi":"87","co":"1","no2":"15","o3":"188","pm10":"61","pm25":"36","qlty":"良","so2":"11"}},"basic":{"city":"武汉","cnty":"中国","id":"CN101200101","lat":"30.573000","lon":"114.279000","update":{"loc":"2015-09-02 15:44","utc":"2015-09-02 07:46"}},"daily_forecast":[{"astro":{"sr":"05:59","ss":"18:45"},"cond":{"code_d":"100","code_n":"100","txt_d":"晴","txt_n":"晴"},"date":"2015-09-02","hum":"37","pcpn":"0.0","pop":"0","pres":"1010","tmp":{"max":"32","min":"22"},"vis":"10","wind":{"deg":"43","dir":"无持续风向","sc":"微风","spd":"11"}},{"astro":{"sr":"06:00","ss":"18:44"},"cond":{"code_d":"100","code_n":"305","txt_d":"晴","txt_n":"小雨"},"date":"2015-09-03","hum":"41","pcpn":"0.0","pop":"0","pres":"1011","tmp":{"max":"31","min":"24"},"vis":"10","wind":{"deg":"89","dir":"无持续风向","sc":"微风","spd":"11"}},{"astro":{"sr":"06:00","ss":"18:43"},"cond":{"code_d":"305","code_n":"306","txt_d":"小雨","txt_n":"中雨"},"date":"2015-09-04","hum":"53","pcpn":"0.6","pop":"80","pres":"1008","tmp":{"max":"31","min":"24"},"vis":"10","wind":{"deg":"188","dir":"无持续风向","sc":"微风","spd":"11"}},{"astro":{"sr":"06:01","ss":"18:42"},"cond":{"code_d":"306","code_n":"305","txt_d":"中雨","txt_n":"小雨"},"date":"2015-09-05","hum":"60","pcpn":"9.8","pop":"75","pres":"1007","tmp":{"max":"28","min":"19"},"vis":"10","wind":{"deg":"314","dir":"无持续风向","sc":"微风","spd":"11"}},{"astro":{"sr":"06:01","ss":"18:40"},"cond":{"code_d":"101","code_n":"101","txt_d":"多云","txt_n":"多云"},"date":"2015-09-06","hum":"43","pcpn":"0.0","pop":"34","pres":"1005","tmp":{"max":"28","min":"20"},"vis":"10","wind":{"deg":"27","dir":"无持续风向","sc":"微风","spd":"11"}},{"astro":{"sr":"06:02","ss":"18:39"},"cond":{"code_d":"101","code_n":"101","txt_d":"多云","txt_n":"多云"},"date":"2015-09-07","hum":"39","pcpn":"0.0","pop":"19","pres":"1009","tmp":{"max":"27","min":"20"},"vis":"10","wind":{"deg":"61","dir":"无持续风向","sc":"微风","spd":"11"}},{"astro":{"sr":"06:03","ss":"18:38"},"cond":{"code_d":"101","code_n":"101","txt_d":"多云","txt_n":"多云"},"date":"2015-09-08","hum":"39","pcpn":"0.0","pop":"0","pres":"1010","tmp":{"max":"27","min":"20"},"vis":"10","wind":{"deg":"112","dir":"无持续风向","sc":"微风","spd":"11"}}],"hourly_forecast":[{"date":"2015-09-02 16:00","hum":"38","pop":"0","pres":"1010","tmp":"34","wind":{"deg":"46","dir":"东北风","sc":"微风","spd":"16"}},{"date":"2015-09-02 19:00","hum":"47","pop":"0","pres":"1010","tmp":"33","wind":{"deg":"43","dir":"东北风","sc":"3-4","spd":"17"}},{"date":"2015-09-02 22:00","hum":"54","pop":"0","pres":"1012","tmp":"31","wind":{"deg":"49","dir":"东北风","sc":"3-4","spd":"17"}}],"now":{"cond":{"code":"100","txt":"晴"},"fl":"34","hum":"45","pcpn":"0","pres":"1011","tmp":"31","vis":"10","wind":{"deg":"50","dir":"东北风","sc":"4-5","spd":"11"}},"status":"ok","suggestion":{"comf":{"brf":"较不舒适","txt":"白天天气晴好，明媚的阳光在给您带来好心情的同时，也会使您感到有些热，不很舒适。"},"cw":{"brf":"较适宜","txt":"较适宜洗车，未来一天无雨，风力较小，擦洗一新的汽车至少能保持一天。"},"drsg":{"brf":"炎热","txt":"天气炎热，建议着短衫、短裙、短裤、薄型T恤衫等清凉夏季服装。"},"flu":{"brf":"少发","txt":"各项气象条件适宜，发生感冒机率较低。但请避免长期处于空调房间中，以防感冒。"},"sport":{"brf":"较适宜","txt":"天气较好，户外运动请注意防晒。推荐您进行室内运动。"},"trav":{"brf":"适宜","txt":"天气较好，但稍感觉有些热，不过还是个好天气哦。适宜旅游，可不要错过机会呦！"},"uv":{"brf":"很强","txt":"紫外线辐射极强，建议涂擦SPF20以上、PA++的防晒护肤品，尽量避免暴露于日光下。"}}}]}
16:00:01 [SockJS-2] ERROR c.w.airPurge.redis.JedisTemplate - Redis connection lost.
redis.clients.jedis.exceptions.JedisConnectionException: Could not get a resource from the pool
	at redis.clients.util.Pool.getResource(Pool.java:50) ~[jedis-2.6.2.jar:na]
	at com.whtriples.airPurge.redis.JedisTemplate.execute(JedisTemplate.java:36) [classes/:na]
	at com.whtriples.airPurge.redis.JedisTemplate.del(JedisTemplate.java:112) [classes/:na]
	at com.whtriples.airPurge.mobile.task.WeatherTask.clearRedisData(WeatherTask.java:53) [classes/:na]
	at sun.reflect.NativeMethodAccessorImpl.invoke0(Native Method) ~[na:1.7.0_45]
	at sun.reflect.NativeMethodAccessorImpl.invoke(NativeMethodAccessorImpl.java:57) ~[na:1.7.0_45]
	at sun.reflect.DelegatingMethodAccessorImpl.invoke(DelegatingMethodAccessorImpl.java:43) ~[na:1.7.0_45]
	at java.lang.reflect.Method.invoke(Method.java:606) ~[na:1.7.0_45]
	at org.springframework.scheduling.support.ScheduledMethodRunnable.run(ScheduledMethodRunnable.java:65) [spring-context-4.1.4.RELEASE.jar:4.1.4.RELEASE]
	at org.springframework.scheduling.support.DelegatingErrorHandlingRunnable.run(DelegatingErrorHandlingRunnable.java:54) [spring-context-4.1.4.RELEASE.jar:4.1.4.RELEASE]
	at org.springframework.scheduling.concurrent.ReschedulingRunnable.run(ReschedulingRunnable.java:81) [spring-context-4.1.4.RELEASE.jar:4.1.4.RELEASE]
	at java.util.concurrent.Executors$RunnableAdapter.call(Executors.java:471) [na:1.7.0_45]
	at java.util.concurrent.FutureTask.run(FutureTask.java:262) [na:1.7.0_45]
	at java.util.concurrent.ScheduledThreadPoolExecutor$ScheduledFutureTask.access$201(ScheduledThreadPoolExecutor.java:178) [na:1.7.0_45]
	at java.util.concurrent.ScheduledThreadPoolExecutor$ScheduledFutureTask.run(ScheduledThreadPoolExecutor.java:292) [na:1.7.0_45]
	at java.util.concurrent.ThreadPoolExecutor.runWorker(ThreadPoolExecutor.java:1145) [na:1.7.0_45]
	at java.util.concurrent.ThreadPoolExecutor$Worker.run(ThreadPoolExecutor.java:615) [na:1.7.0_45]
	at java.lang.Thread.run(Thread.java:744) [na:1.7.0_45]
Caused by: redis.clients.jedis.exceptions.JedisConnectionException: java.net.ConnectException: Connection refused: connect
	at redis.clients.jedis.Connection.connect(Connection.java:148) ~[jedis-2.6.2.jar:na]
	at redis.clients.jedis.BinaryClient.connect(BinaryClient.java:75) ~[jedis-2.6.2.jar:na]
	at redis.clients.jedis.BinaryJedis.connect(BinaryJedis.java:1572) ~[jedis-2.6.2.jar:na]
	at com.whtriples.airPurge.redis.pool.JedisFactory.makeObject(JedisFactory.java:65) ~[classes/:na]
	at org.apache.commons.pool2.impl.GenericObjectPool.create(GenericObjectPool.java:819) ~[commons-pool2-2.0.jar:2.0]
	at org.apache.commons.pool2.impl.GenericObjectPool.borrowObject(GenericObjectPool.java:429) ~[commons-pool2-2.0.jar:2.0]
	at org.apache.commons.pool2.impl.GenericObjectPool.borrowObject(GenericObjectPool.java:360) ~[commons-pool2-2.0.jar:2.0]
	at redis.clients.util.Pool.getResource(Pool.java:48) ~[jedis-2.6.2.jar:na]
	... 17 common frames omitted
Caused by: java.net.ConnectException: Connection refused: connect
	at java.net.DualStackPlainSocketImpl.waitForConnect(Native Method) ~[na:1.7.0_45]
	at java.net.DualStackPlainSocketImpl.socketConnect(DualStackPlainSocketImpl.java:85) ~[na:1.7.0_45]
	at java.net.AbstractPlainSocketImpl.doConnect(AbstractPlainSocketImpl.java:339) ~[na:1.7.0_45]
	at java.net.AbstractPlainSocketImpl.connectToAddress(AbstractPlainSocketImpl.java:200) ~[na:1.7.0_45]
	at java.net.AbstractPlainSocketImpl.connect(AbstractPlainSocketImpl.java:182) ~[na:1.7.0_45]
	at java.net.PlainSocketImpl.connect(PlainSocketImpl.java:172) ~[na:1.7.0_45]
	at java.net.SocksSocketImpl.connect(SocksSocketImpl.java:392) ~[na:1.7.0_45]
	at java.net.Socket.connect(Socket.java:579) ~[na:1.7.0_45]
	at redis.clients.jedis.Connection.connect(Connection.java:142) ~[jedis-2.6.2.jar:na]
	... 24 common frames omitted
16:00:01 [SockJS-2] ERROR o.s.s.s.TaskUtils$LoggingErrorHandler - Unexpected error occurred in scheduled task.
redis.clients.jedis.exceptions.JedisConnectionException: Could not get a resource from the pool
	at redis.clients.util.Pool.getResource(Pool.java:50) ~[jedis-2.6.2.jar:na]
	at com.whtriples.airPurge.redis.JedisTemplate.execute(JedisTemplate.java:36) ~[classes/:na]
	at com.whtriples.airPurge.redis.JedisTemplate.del(JedisTemplate.java:112) ~[classes/:na]
	at com.whtriples.airPurge.mobile.task.WeatherTask.clearRedisData(WeatherTask.java:53) ~[classes/:na]
	at sun.reflect.NativeMethodAccessorImpl.invoke0(Native Method) ~[na:1.7.0_45]
	at sun.reflect.NativeMethodAccessorImpl.invoke(NativeMethodAccessorImpl.java:57) ~[na:1.7.0_45]
	at sun.reflect.DelegatingMethodAccessorImpl.invoke(DelegatingMethodAccessorImpl.java:43) ~[na:1.7.0_45]
	at java.lang.reflect.Method.invoke(Method.java:606) ~[na:1.7.0_45]
	at org.springframework.scheduling.support.ScheduledMethodRunnable.run(ScheduledMethodRunnable.java:65) ~[spring-context-4.1.4.RELEASE.jar:4.1.4.RELEASE]
	at org.springframework.scheduling.support.DelegatingErrorHandlingRunnable.run(DelegatingErrorHandlingRunnable.java:54) ~[spring-context-4.1.4.RELEASE.jar:4.1.4.RELEASE]
	at org.springframework.scheduling.concurrent.ReschedulingRunnable.run(ReschedulingRunnable.java:81) [spring-context-4.1.4.RELEASE.jar:4.1.4.RELEASE]
	at java.util.concurrent.Executors$RunnableAdapter.call(Executors.java:471) [na:1.7.0_45]
	at java.util.concurrent.FutureTask.run(FutureTask.java:262) [na:1.7.0_45]
	at java.util.concurrent.ScheduledThreadPoolExecutor$ScheduledFutureTask.access$201(ScheduledThreadPoolExecutor.java:178) [na:1.7.0_45]
	at java.util.concurrent.ScheduledThreadPoolExecutor$ScheduledFutureTask.run(ScheduledThreadPoolExecutor.java:292) [na:1.7.0_45]
	at java.util.concurrent.ThreadPoolExecutor.runWorker(ThreadPoolExecutor.java:1145) [na:1.7.0_45]
	at java.util.concurrent.ThreadPoolExecutor$Worker.run(ThreadPoolExecutor.java:615) [na:1.7.0_45]
	at java.lang.Thread.run(Thread.java:744) [na:1.7.0_45]
Caused by: redis.clients.jedis.exceptions.JedisConnectionException: java.net.ConnectException: Connection refused: connect
	at redis.clients.jedis.Connection.connect(Connection.java:148) ~[jedis-2.6.2.jar:na]
	at redis.clients.jedis.BinaryClient.connect(BinaryClient.java:75) ~[jedis-2.6.2.jar:na]
	at redis.clients.jedis.BinaryJedis.connect(BinaryJedis.java:1572) ~[jedis-2.6.2.jar:na]
	at com.whtriples.airPurge.redis.pool.JedisFactory.makeObject(JedisFactory.java:65) ~[classes/:na]
	at org.apache.commons.pool2.impl.GenericObjectPool.create(GenericObjectPool.java:819) ~[commons-pool2-2.0.jar:2.0]
	at org.apache.commons.pool2.impl.GenericObjectPool.borrowObject(GenericObjectPool.java:429) ~[commons-pool2-2.0.jar:2.0]
	at org.apache.commons.pool2.impl.GenericObjectPool.borrowObject(GenericObjectPool.java:360) ~[commons-pool2-2.0.jar:2.0]
	at redis.clients.util.Pool.getResource(Pool.java:48) ~[jedis-2.6.2.jar:na]
	... 17 common frames omitted
Caused by: java.net.ConnectException: Connection refused: connect
	at java.net.DualStackPlainSocketImpl.waitForConnect(Native Method) ~[na:1.7.0_45]
	at java.net.DualStackPlainSocketImpl.socketConnect(DualStackPlainSocketImpl.java:85) ~[na:1.7.0_45]
	at java.net.AbstractPlainSocketImpl.doConnect(AbstractPlainSocketImpl.java:339) ~[na:1.7.0_45]
	at java.net.AbstractPlainSocketImpl.connectToAddress(AbstractPlainSocketImpl.java:200) ~[na:1.7.0_45]
	at java.net.AbstractPlainSocketImpl.connect(AbstractPlainSocketImpl.java:182) ~[na:1.7.0_45]
	at java.net.PlainSocketImpl.connect(PlainSocketImpl.java:172) ~[na:1.7.0_45]
	at java.net.SocksSocketImpl.connect(SocksSocketImpl.java:392) ~[na:1.7.0_45]
	at java.net.Socket.connect(Socket.java:579) ~[na:1.7.0_45]
	at redis.clients.jedis.Connection.connect(Connection.java:142) ~[jedis-2.6.2.jar:na]
	... 24 common frames omitted
16:10:16 [main] WARN  c.w.airPurge.mobile.push.PushService - stop scoket service finished
16:10:17 [main] WARN  o.e.jetty.security.SecurityHandler - ServletContext@o.e.j.w.WebAppContext@35f83a80{/airPurge,file:/G:/work/airPurge/src/main/webapp/,STARTING}{src/main/webapp} has uncovered http methods for path: /
16:10:17 [main] WARN  c.w.airPurge.mobile.push.PushService - start scoket service finished
16:10:17 [main] WARN  c.w.airPurge.redis.JedisTemplate - 初始化redis----
16:10:17 [main] WARN  c.w.a.mobile.task.ContainerListener - --------初始化空气质量数据--------
16:10:17 [main] WARN  c.w.airPurge.mobile.weather.Weather - result: {"HeWeather data service 3.0":[{"aqi":{"city":{"aqi":"87","co":"1","no2":"15","o3":"188","pm10":"61","pm25":"36","qlty":"良","so2":"11"}},"basic":{"city":"武汉","cnty":"中国","id":"CN101200101","lat":"30.573000","lon":"114.279000","update":{"loc":"2015-09-02 15:44","utc":"2015-09-02 07:46"}},"daily_forecast":[{"astro":{"sr":"05:59","ss":"18:45"},"cond":{"code_d":"100","code_n":"100","txt_d":"晴","txt_n":"晴"},"date":"2015-09-02","hum":"37","pcpn":"0.0","pop":"0","pres":"1010","tmp":{"max":"32","min":"22"},"vis":"10","wind":{"deg":"43","dir":"无持续风向","sc":"微风","spd":"11"}},{"astro":{"sr":"06:00","ss":"18:44"},"cond":{"code_d":"100","code_n":"305","txt_d":"晴","txt_n":"小雨"},"date":"2015-09-03","hum":"41","pcpn":"0.0","pop":"0","pres":"1011","tmp":{"max":"31","min":"24"},"vis":"10","wind":{"deg":"89","dir":"无持续风向","sc":"微风","spd":"11"}},{"astro":{"sr":"06:00","ss":"18:43"},"cond":{"code_d":"305","code_n":"306","txt_d":"小雨","txt_n":"中雨"},"date":"2015-09-04","hum":"53","pcpn":"0.6","pop":"80","pres":"1008","tmp":{"max":"31","min":"24"},"vis":"10","wind":{"deg":"188","dir":"无持续风向","sc":"微风","spd":"11"}},{"astro":{"sr":"06:01","ss":"18:42"},"cond":{"code_d":"306","code_n":"305","txt_d":"中雨","txt_n":"小雨"},"date":"2015-09-05","hum":"60","pcpn":"9.8","pop":"75","pres":"1007","tmp":{"max":"28","min":"19"},"vis":"10","wind":{"deg":"314","dir":"无持续风向","sc":"微风","spd":"11"}},{"astro":{"sr":"06:01","ss":"18:40"},"cond":{"code_d":"101","code_n":"101","txt_d":"多云","txt_n":"多云"},"date":"2015-09-06","hum":"43","pcpn":"0.0","pop":"34","pres":"1005","tmp":{"max":"28","min":"20"},"vis":"10","wind":{"deg":"27","dir":"无持续风向","sc":"微风","spd":"11"}},{"astro":{"sr":"06:02","ss":"18:39"},"cond":{"code_d":"101","code_n":"101","txt_d":"多云","txt_n":"多云"},"date":"2015-09-07","hum":"39","pcpn":"0.0","pop":"19","pres":"1009","tmp":{"max":"27","min":"20"},"vis":"10","wind":{"deg":"61","dir":"无持续风向","sc":"微风","spd":"11"}},{"astro":{"sr":"06:03","ss":"18:38"},"cond":{"code_d":"101","code_n":"101","txt_d":"多云","txt_n":"多云"},"date":"2015-09-08","hum":"39","pcpn":"0.0","pop":"0","pres":"1010","tmp":{"max":"27","min":"20"},"vis":"10","wind":{"deg":"112","dir":"无持续风向","sc":"微风","spd":"11"}}],"hourly_forecast":[{"date":"2015-09-02 16:00","hum":"38","pop":"0","pres":"1010","tmp":"34","wind":{"deg":"46","dir":"东北风","sc":"微风","spd":"16"}},{"date":"2015-09-02 19:00","hum":"47","pop":"0","pres":"1010","tmp":"33","wind":{"deg":"43","dir":"东北风","sc":"3-4","spd":"17"}},{"date":"2015-09-02 22:00","hum":"54","pop":"0","pres":"1012","tmp":"31","wind":{"deg":"49","dir":"东北风","sc":"3-4","spd":"17"}}],"now":{"cond":{"code":"100","txt":"晴"},"fl":"34","hum":"45","pcpn":"0","pres":"1011","tmp":"31","vis":"10","wind":{"deg":"50","dir":"东北风","sc":"4-5","spd":"11"}},"status":"ok","suggestion":{"comf":{"brf":"较不舒适","txt":"白天天气晴好，明媚的阳光在给您带来好心情的同时，也会使您感到有些热，不很舒适。"},"cw":{"brf":"较适宜","txt":"较适宜洗车，未来一天无雨，风力较小，擦洗一新的汽车至少能保持一天。"},"drsg":{"brf":"炎热","txt":"天气炎热，建议着短衫、短裙、短裤、薄型T恤衫等清凉夏季服装。"},"flu":{"brf":"少发","txt":"各项气象条件适宜，发生感冒机率较低。但请避免长期处于空调房间中，以防感冒。"},"sport":{"brf":"较适宜","txt":"天气较好，户外运动请注意防晒。推荐您进行室内运动。"},"trav":{"brf":"适宜","txt":"天气较好，但稍感觉有些热，不过还是个好天气哦。适宜旅游，可不要错过机会呦！"},"uv":{"brf":"很强","txt":"紫外线辐射极强，建议涂擦SPF20以上、PA++的防晒护肤品，尽量避免暴露于日光下。"}}}]}
16:10:17 [main] WARN  c.w.a.mobile.task.ContainerListener - --------初始化空气质量数据结束----------
17:00:00 [SockJS-1] WARN  c.w.airPurge.mobile.task.WeatherTask - --------执行请求天气定时任务----------
17:00:00 [SockJS-2] WARN  c.w.airPurge.mobile.task.WeatherTask - --------执行清除redis数据定时任务----------
17:00:00 [SockJS-1] WARN  c.w.airPurge.mobile.weather.Weather - result: {"HeWeather data service 3.0":[{"aqi":{"city":{"aqi":"94","co":"1","no2":"16","o3":"189","pm10":"67","pm25":"35","qlty":"良","so2":"11"}},"basic":{"city":"武汉","cnty":"中国","id":"CN101200101","lat":"30.573000","lon":"114.279000","update":{"loc":"2015-09-02 16:43","utc":"2015-09-02 08:46"}},"daily_forecast":[{"astro":{"sr":"05:59","ss":"18:45"},"cond":{"code_d":"100","code_n":"100","txt_d":"晴","txt_n":"晴"},"date":"2015-09-02","hum":"37","pcpn":"0.0","pop":"0","pres":"1010","tmp":{"max":"32","min":"22"},"vis":"10","wind":{"deg":"43","dir":"无持续风向","sc":"微风","spd":"7"}},{"astro":{"sr":"06:00","ss":"18:44"},"cond":{"code_d":"100","code_n":"305","txt_d":"晴","txt_n":"小雨"},"date":"2015-09-03","hum":"41","pcpn":"0.0","pop":"0","pres":"1011","tmp":{"max":"31","min":"24"},"vis":"10","wind":{"deg":"89","dir":"无持续风向","sc":"微风","spd":"7"}},{"astro":{"sr":"06:00","ss":"18:43"},"cond":{"code_d":"305","code_n":"306","txt_d":"小雨","txt_n":"中雨"},"date":"2015-09-04","hum":"53","pcpn":"0.6","pop":"80","pres":"1008","tmp":{"max":"31","min":"24"},"vis":"10","wind":{"deg":"188","dir":"无持续风向","sc":"微风","spd":"7"}},{"astro":{"sr":"06:01","ss":"18:42"},"cond":{"code_d":"306","code_n":"305","txt_d":"中雨","txt_n":"小雨"},"date":"2015-09-05","hum":"60","pcpn":"9.8","pop":"75","pres":"1007","tmp":{"max":"28","min":"19"},"vis":"10","wind":{"deg":"314","dir":"无持续风向","sc":"微风","spd":"7"}},{"astro":{"sr":"06:01","ss":"18:40"},"cond":{"code_d":"101","code_n":"101","txt_d":"多云","txt_n":"多云"},"date":"2015-09-06","hum":"43","pcpn":"0.0","pop":"34","pres":"1005","tmp":{"max":"28","min":"20"},"vis":"10","wind":{"deg":"27","dir":"无持续风向","sc":"微风","spd":"7"}},{"astro":{"sr":"06:02","ss":"18:39"},"cond":{"code_d":"101","code_n":"101","txt_d":"多云","txt_n":"多云"},"date":"2015-09-07","hum":"39","pcpn":"0.0","pop":"19","pres":"1009","tmp":{"max":"27","min":"20"},"vis":"10","wind":{"deg":"61","dir":"无持续风向","sc":"微风","spd":"7"}},{"astro":{"sr":"06:03","ss":"18:38"},"cond":{"code_d":"101","code_n":"101","txt_d":"多云","txt_n":"多云"},"date":"2015-09-08","hum":"39","pcpn":"0.0","pop":"0","pres":"1010","tmp":{"max":"27","min":"20"},"vis":"10","wind":{"deg":"112","dir":"无持续风向","sc":"微风","spd":"7"}}],"hourly_forecast":[{"date":"2015-09-02 16:00","hum":"38","pop":"0","pres":"1010","tmp":"34","wind":{"deg":"46","dir":"东北风","sc":"微风","spd":"16"}},{"date":"2015-09-02 19:00","hum":"47","pop":"0","pres":"1010","tmp":"33","wind":{"deg":"43","dir":"东北风","sc":"3-4","spd":"17"}},{"date":"2015-09-02 22:00","hum":"54","pop":"0","pres":"1012","tmp":"31","wind":{"deg":"49","dir":"东北风","sc":"3-4","spd":"17"}}],"now":{"cond":{"code":"100","txt":"晴"},"fl":"33","hum":"47","pcpn":"0","pres":"1011","tmp":"31","vis":"10","wind":{"deg":"40","dir":"东北风","sc":"4-5","spd":"7"}},"status":"ok","suggestion":{"comf":{"brf":"较不舒适","txt":"白天天气晴好，明媚的阳光在给您带来好心情的同时，也会使您感到有些热，不很舒适。"},"cw":{"brf":"较适宜","txt":"较适宜洗车，未来一天无雨，风力较小，擦洗一新的汽车至少能保持一天。"},"drsg":{"brf":"炎热","txt":"天气炎热，建议着短衫、短裙、短裤、薄型T恤衫等清凉夏季服装。"},"flu":{"brf":"少发","txt":"各项气象条件适宜，发生感冒机率较低。但请避免长期处于空调房间中，以防感冒。"},"sport":{"brf":"较适宜","txt":"天气较好，户外运动请注意防晒。推荐您进行室内运动。"},"trav":{"brf":"适宜","txt":"天气较好，但稍感觉有些热，不过还是个好天气哦。适宜旅游，可不要错过机会呦！"},"uv":{"brf":"很强","txt":"紫外线辐射极强，建议涂擦SPF20以上、PA++的防晒护肤品，尽量避免暴露于日光下。"}}}]}
